<?xml version="1.0" encoding="UTF-8"?>
<!-- Generated by org.testng.reporters.JUnitReportReporter -->
<testsuite skipped="0" hostname="DESKTOP-TEQ8JFQ" name="by.htp.citygame.service.PlayerBehaviourTest" tests="2" failures="0" timestamp="13 сен 2017 06:58:02 GMT" time="1.268" errors="0">
  <testcase name="firstCityIsCorrect" time="0.248" classname="by.htp.citygame.service.PlayerBehaviourTest"/>
  <testcase name="playerResponseIsCorrect" time="1.020" classname="by.htp.citygame.service.PlayerBehaviourTest"/>
</testsuite> <!-- by.htp.citygame.service.PlayerBehaviourTest -->
