<?xml version="1.0" encoding="UTF-8"?>
<!-- Generated by org.testng.reporters.JUnitReportReporter -->
<testsuite skipped="0" hostname="DESKTOP-TEQ8JFQ" name="by.htp.citygame.service.playerstest.PlayerBehaviourTest" tests="3" failures="0" timestamp="13 сен 2017 13:18:30 GMT" time="0.814" errors="0">
  <testcase name="playerResponseIsCorrect" time="0.001" classname="by.htp.citygame.service.playerstest.PlayerBehaviourTest"/>
  <testcase name="winnerIsCorrect" time="0.001" classname="by.htp.citygame.service.playerstest.PlayerBehaviourTest"/>
  <testcase name="firstCityIsCorrect" time="0.812" classname="by.htp.citygame.service.playerstest.PlayerBehaviourTest"/>
</testsuite> <!-- by.htp.citygame.service.playerstest.PlayerBehaviourTest -->
