<?xml version="1.0" encoding="UTF-8"?>
<!-- Generated by org.testng.reporters.JUnitReportReporter -->
<testsuite skipped="0" hostname="DESKTOP-TEQ8JFQ" name="by.htp.citygame.service.playerstest.PlayerImplTest" tests="3" failures="0" timestamp="15 сен 2017 12:54:44 GMT" time="9.813" errors="0">
  <testcase name="playerResponseIsCorrect" time="0.116" classname="by.htp.citygame.service.playerstest.PlayerImplTest"/>
  <testcase name="winnerIsCorrect" time="0.000" classname="by.htp.citygame.service.playerstest.PlayerImplTest"/>
  <testcase name="firstCityIsCorrect" time="9.697" classname="by.htp.citygame.service.playerstest.PlayerImplTest"/>
</testsuite> <!-- by.htp.citygame.service.playerstest.PlayerImplTest -->
