<?xml version="1.0" encoding="UTF-8"?>
<!-- Generated by org.testng.reporters.JUnitReportReporter -->
<testsuite skipped="0" hostname="DESKTOP-TEQ8JFQ" name="by.htp.citygame.service.gametest.GameprocessImplTest" tests="1" failures="0" timestamp="15 сен 2017 12:54:44 GMT" time="8.395" errors="0">
  <testcase name="winnerIsNotNull" time="8.395" classname="by.htp.citygame.service.gametest.GameprocessImplTest"/>
</testsuite> <!-- by.htp.citygame.service.gametest.GameprocessImplTest -->
