<?xml version="1.0" encoding="UTF-8"?>
<!-- Generated by org.testng.reporters.JUnitReportReporter -->
<testsuite skipped="0" hostname="DESKTOP-TEQ8JFQ" name="by.htp.citygame.logic.GameprocessImplTest" tests="1" failures="0" timestamp="13 сен 2017 06:27:49 GMT" time="0.401" errors="0">
  <testcase name="winnerIsNotNull" time="0.401" classname="by.htp.citygame.logic.GameprocessImplTest"/>
</testsuite> <!-- by.htp.citygame.logic.GameprocessImplTest -->
